North: Green|South: Green|East: Red|West: Red			[2:16:25 PM]
................................................................
North: Yellow|South: Yellow|East: Red|West: Red			[2:21:26 PM]
................................................................
North: Red|South: Red|East: Green|West: Green			[2:21:56 PM]
................................................................
North: Red|South: Red|East: Yellow|West: Yellow			[2:26:26 PM]
................................................................
North: Green|South: Green|East: Red|West: Red			[2:26:56 PM]
................................................................
North: Yellow|South: Yellow|East: Red|West: Red			[2:31:26 PM]
................................................................
North: Red|South: Red|East: Green|West: Green			[2:31:56 PM]
................................................................
North: Red|South: Red|East: Yellow|West: Yellow			[2:36:26 PM]
................................................................
North: Green|South: Green|East: Red|West: Red			[2:36:56 PM]
................................................................
North: Yellow|South: Yellow|East: Red|West: Red			[2:41:26 PM]
................................................................
North: Red|South: Red|East: Green|West: Green			[2:41:56 PM]
................................................................
